Traceback (most recent call last):
  File "/usr/local/lib/python3.11/site-packages/jupyter_cache/executors/utils.py", line 58, in single_nb_execution
    executenb(
  File "/usr/local/lib/python3.11/site-packages/nbclient/client.py", line 1305, in execute
    return NotebookClient(nb=nb, resources=resources, km=km, **kwargs).execute()
           ^^^^^^^^^^^^^^^^^^^^^^^^^^^^^^^^^^^^^^^^^^^^^^^^^^^^^^^^^^^^^^^^^^^^^
  File "/usr/local/lib/python3.11/site-packages/jupyter_core/utils/__init__.py", line 166, in wrapped
    return loop.run_until_complete(inner)
           ^^^^^^^^^^^^^^^^^^^^^^^^^^^^^^
  File "/usr/local/Cellar/python@3.11/3.11.3/Frameworks/Python.framework/Versions/3.11/lib/python3.11/asyncio/base_events.py", line 653, in run_until_complete
    return future.result()
           ^^^^^^^^^^^^^^^
  File "/usr/local/lib/python3.11/site-packages/nbclient/client.py", line 705, in async_execute
    await self.async_execute_cell(
  File "/usr/local/lib/python3.11/site-packages/nbclient/client.py", line 1058, in async_execute_cell
    await self._check_raise_for_error(cell, cell_index, exec_reply)
  File "/usr/local/lib/python3.11/site-packages/nbclient/client.py", line 914, in _check_raise_for_error
    raise CellExecutionError.from_cell_and_msg(cell, exec_reply_content)
nbclient.exceptions.CellExecutionError: An error occurred while executing the following cell:
------------------
::::{exercise}
:label: ch2-ex-tree

Determine the order, elementary weight and density of this rooted tree.

:::{figure} /Images/tree_exercise.svg
:width: 200
:::

::::

:::{solution} ch2-ex-tree
:class: dropdown

$$ \begin{align*}
    r &= 10, \\
    \Phi &= \sum_{i,j,k,\ell} b_i a_{ij} a_{jk} a_{k\ell} c_j^3 c_k c_\ell^2, \\
    \gamma &= 600.
\end{align*} $$
:::
------------------


[0;36m  Cell [0;32mIn[3], line 1[0;36m[0m
[0;31m    ::::{exercise}[0m
[0m    ^[0m
[0;31mSyntaxError[0m[0;31m:[0m invalid syntax


