Traceback (most recent call last):
  File "C:\Users\Jon\AppData\Local\Packages\PythonSoftwareFoundation.Python.3.11_qbz5n2kfra8p0\LocalCache\local-packages\Python311\site-packages\jupyter_cache\executors\utils.py", line 58, in single_nb_execution
    executenb(
  File "C:\Users\Jon\AppData\Local\Packages\PythonSoftwareFoundation.Python.3.11_qbz5n2kfra8p0\LocalCache\local-packages\Python311\site-packages\nbclient\client.py", line 1305, in execute
    return NotebookClient(nb=nb, resources=resources, km=km, **kwargs).execute()
           ^^^^^^^^^^^^^^^^^^^^^^^^^^^^^^^^^^^^^^^^^^^^^^^^^^^^^^^^^^^^^^^^^^^^^
  File "C:\Users\Jon\AppData\Local\Packages\PythonSoftwareFoundation.Python.3.11_qbz5n2kfra8p0\LocalCache\local-packages\Python311\site-packages\jupyter_core\utils\__init__.py", line 166, in wrapped
    return loop.run_until_complete(inner)
           ^^^^^^^^^^^^^^^^^^^^^^^^^^^^^^
  File "C:\Program Files\WindowsApps\PythonSoftwareFoundation.Python.3.11_3.11.1776.0_x64__qbz5n2kfra8p0\Lib\asyncio\base_events.py", line 653, in run_until_complete
    return future.result()
           ^^^^^^^^^^^^^^^
  File "C:\Users\Jon\AppData\Local\Packages\PythonSoftwareFoundation.Python.3.11_qbz5n2kfra8p0\LocalCache\local-packages\Python311\site-packages\nbclient\client.py", line 705, in async_execute
    await self.async_execute_cell(
  File "C:\Users\Jon\AppData\Local\Packages\PythonSoftwareFoundation.Python.3.11_qbz5n2kfra8p0\LocalCache\local-packages\Python311\site-packages\nbclient\client.py", line 1058, in async_execute_cell
    await self._check_raise_for_error(cell, cell_index, exec_reply)
  File "C:\Users\Jon\AppData\Local\Packages\PythonSoftwareFoundation.Python.3.11_qbz5n2kfra8p0\LocalCache\local-packages\Python311\site-packages\nbclient\client.py", line 914, in _check_raise_for_error
    raise CellExecutionError.from_cell_and_msg(cell, exec_reply_content)
nbclient.exceptions.CellExecutionError: An error occurred while executing the following cell:
------------------
from functions import *
import sympy as sp
import subprocess 

    
# (a) 
labels = ['a']
A = [sp.Matrix([[2, 3, -1], [4, 9, -1], [0, 3, 2]])]
b = [sp.Matrix([4, 18, 11])]

# (b)
labels.append('b')
A.append(sp.Matrix([[3, 9, 5], [1, 2, 2], [2, 4, 5]]))
b.append(sp.Matrix([20, 3, 4]))

# (c)
labels.append('c')
A.append(sp.Matrix([[1, 0, 3, 2], [3, -2, 5, 1], [4, -1, -2, -3], [0, 2, 0, 3]]))
b.append(sp.Matrix([21, 28, -12, 13]))

# (d)
labels.append('d')
A.append(sp.Matrix([[1, 5, 2, 2], [-2, -4, 2, 0], [3, 1, -2, -1], [-3, -3, 4, -1]]))
b.append(sp.Matrix([-10, 10, -2, 4]))

# Calculate solutions
string = ""
for i in range(len(labels)):

    # Calculate LU decomposition
    L, U = lu(A[i])

    # Solve system
    y = forward_substitution(L, b[i])
    x = back_substitution(U, y)

    # Generate LaTeX output
    string += f"({labels[i]}) Calculate LU decomposition of the coefficient matrix\n\n"
    string += r"$$ \begin{align*}" + "\n"
    string += rf"    L &= {sp.latex(L, mat_delim='(', mat_str='matrix')}, &" + "\n"
    string += rf"    U &= {sp.latex(U, mat_delim='(', mat_str='matrix')}." + "\n"
    string += r"\end{align*} $$" + "\n\n"
    string += rf"Solving $L \mathbf{{y}} = \mathbf{{b}}$ gives $\mathbf{{y}} = {sp.latex(y.T, mat_delim='(', mat_str='matrix')}$ and solving $U \mathbf{{x}} = \mathbf{{y}}$ gives $\mathbf{{x}} = {sp.latex(x.T, mat_delim='(', mat_str='matrix')}$." + "\n\n"

print(string)
subprocess.run("pbcopy", text=True, input=string)
------------------

----- stdout -----
(a) Calculate LU decomposition of the coefficient matrix

$$ \begin{align*}
    L &= \mathtt{\text{[[1. 0. 0.]
 [2. 1. 0.]
 [0. 1. 1.]]}}, &
    U &= \mathtt{\text{[[ 2.  3. -1.]
 [ 0.  3.  1.]
 [ 0.  0.  1.]]}}.
\end{align*} $$

Solving $L \mathbf{y} = \mathbf{b}$ gives $\mathbf{y} = \mathtt{\text{[ 4. 10.  1.]}}$ and solving $U \mathbf{x} = \mathbf{y}$ gives $\mathbf{x} = \mathtt{\text{[-2.  3.  1.]}}$.

(b) Calculate LU decomposition of the coefficient matrix

$$ \begin{align*}
    L &= \mathtt{\text{[[1.         0.         0.        ]
 [0.33333333 1.         0.        ]
 [0.66666667 2.         1.        ]]}}, &
    U &= \mathtt{\text{[[ 3.          9.          5.        ]
 [ 0.         -1.          0.33333333]
 [ 0.          0.          1.        ]]}}.
\end{align*} $$

Solving $L \mathbf{y} = \mathbf{b}$ gives $\mathbf{y} = \mathtt{\text{[20.         -3.66666667 -2.        ]}}$ and solving $U \mathbf{x} = \mathbf{y}$ gives $\mathbf{x} = \mathtt{\text{[ 1.  3. -2.]}}$.

(c) Calculate LU decomposition of the coefficient matrix

$$ \begin{align*}
    L &= \mathtt{\text{[[ 1.          0.          0.          0.        ]
 [ 3.          1.          0.          0.        ]
 [ 4.          0.5         1.          0.        ]
 [ 0.         -1.          0.33333333  1.        ]]}}, &
    U &= \mathtt{\text{[[  1.           0.           3.           2.        ]
 [  0.          -2.          -4.          -5.        ]
 [  0.           0.         -12.          -8.5       ]
 [  0.           0.           0.           0.83333333]]}}.
\end{align*} $$

Solving $L \mathbf{y} = \mathbf{b}$ gives $\mathbf{y} = \mathtt{\text{[ 21.         -35.         -78.5          4.16666667]}}$ and solving $U \mathbf{x} = \mathbf{y}$ gives $\mathbf{x} = \mathtt{\text{[ 2. -1.  3.  5.]}}$.

(d) Calculate LU decomposition of the coefficient matrix

$$ \begin{align*}
    L &= \mathtt{\text{[[ 1.          0.          0.          0.        ]
 [-2.          1.          0.          0.        ]
 [ 3.         -2.33333333  1.          0.        ]
 [-3.          2.         -0.33333333  1.        ]]}}, &
    U &= \mathtt{\text{[[ 1.          5.          2.          2.        ]
 [ 0.          6.          6.          4.        ]
 [ 0.          0.          6.          2.33333333]
 [ 0.          0.          0.         -2.22222222]]}}.
\end{align*} $$

Solving $L \mathbf{y} = \mathbf{b}$ gives $\mathbf{y} = \mathtt{\text{[-10.         -10.           4.66666667  -4.44444444]}}$ and solving $U \mathbf{x} = \mathbf{y}$ gives $\mathbf{x} = \mathtt{\text{[ 1.00000000e+00 -3.00000000e+00 -5.92118946e-16  2.00000000e+00]}}$.
------------------

[1;31m---------------------------------------------------------------------------[0m
[1;31mFileNotFoundError[0m                         Traceback (most recent call last)
Cell [1;32mIn[1], line 46[0m
[0;32m     43[0m     string [38;5;241m+[39m[38;5;241m=[39m [38;5;124mrf[39m[38;5;124m"[39m[38;5;124mSolving $L [39m[38;5;124m\[39m[38;5;124mmathbf[39m[38;5;130;01m{{[39;00m[38;5;124my[39m[38;5;130;01m}}[39;00m[38;5;124m = [39m[38;5;124m\[39m[38;5;124mmathbf[39m[38;5;130;01m{{[39;00m[38;5;124mb[39m[38;5;130;01m}}[39;00m[38;5;124m$ gives $[39m[38;5;124m\[39m[38;5;124mmathbf[39m[38;5;130;01m{{[39;00m[38;5;124my[39m[38;5;130;01m}}[39;00m[38;5;124m = [39m[38;5;132;01m{[39;00msp[38;5;241m.[39mlatex(y[38;5;241m.[39mT,[38;5;250m [39mmat_delim[38;5;241m=[39m[38;5;124m'[39m[38;5;124m([39m[38;5;124m'[39m,[38;5;250m [39mmat_str[38;5;241m=[39m[38;5;124m'[39m[38;5;124mmatrix[39m[38;5;124m'[39m)[38;5;132;01m}[39;00m[38;5;124m$ and solving $U [39m[38;5;124m\[39m[38;5;124mmathbf[39m[38;5;130;01m{{[39;00m[38;5;124mx[39m[38;5;130;01m}}[39;00m[38;5;124m = [39m[38;5;124m\[39m[38;5;124mmathbf[39m[38;5;130;01m{{[39;00m[38;5;124my[39m[38;5;130;01m}}[39;00m[38;5;124m$ gives $[39m[38;5;124m\[39m[38;5;124mmathbf[39m[38;5;130;01m{{[39;00m[38;5;124mx[39m[38;5;130;01m}}[39;00m[38;5;124m = [39m[38;5;132;01m{[39;00msp[38;5;241m.[39mlatex(x[38;5;241m.[39mT,[38;5;250m [39mmat_delim[38;5;241m=[39m[38;5;124m'[39m[38;5;124m([39m[38;5;124m'[39m,[38;5;250m [39mmat_str[38;5;241m=[39m[38;5;124m'[39m[38;5;124mmatrix[39m[38;5;124m'[39m)[38;5;132;01m}[39;00m[38;5;124m$.[39m[38;5;124m"[39m [38;5;241m+[39m [38;5;124m"[39m[38;5;130;01m\n[39;00m[38;5;130;01m\n[39;00m[38;5;124m"[39m
[0;32m     45[0m [38;5;28mprint[39m(string)
[1;32m---> 46[0m [43msubprocess[49m[38;5;241;43m.[39;49m[43mrun[49m[43m([49m[38;5;124;43m"[39;49m[38;5;124;43mpbcopy[39;49m[38;5;124;43m"[39;49m[43m,[49m[43m [49m[43mtext[49m[38;5;241;43m=[39;49m[38;5;28;43;01mTrue[39;49;00m[43m,[49m[43m [49m[38;5;28;43minput[39;49m[38;5;241;43m=[39;49m[43mstring[49m[43m)[49m

File [1;32mC:\Program Files\WindowsApps\PythonSoftwareFoundation.Python.3.11_3.11.1776.0_x64__qbz5n2kfra8p0\Lib\subprocess.py:548[0m, in [0;36mrun[1;34m(input, capture_output, timeout, check, *popenargs, **kwargs)[0m
[0;32m    545[0m     kwargs[[38;5;124m'[39m[38;5;124mstdout[39m[38;5;124m'[39m] [38;5;241m=[39m PIPE
[0;32m    546[0m     kwargs[[38;5;124m'[39m[38;5;124mstderr[39m[38;5;124m'[39m] [38;5;241m=[39m PIPE
[1;32m--> 548[0m [38;5;28;01mwith[39;00m [43mPopen[49m[43m([49m[38;5;241;43m*[39;49m[43mpopenargs[49m[43m,[49m[43m [49m[38;5;241;43m*[39;49m[38;5;241;43m*[39;49m[43mkwargs[49m[43m)[49m [38;5;28;01mas[39;00m process:
[0;32m    549[0m     [38;5;28;01mtry[39;00m:
[0;32m    550[0m         stdout, stderr [38;5;241m=[39m process[38;5;241m.[39mcommunicate([38;5;28minput[39m, timeout[38;5;241m=[39mtimeout)

File [1;32mC:\Program Files\WindowsApps\PythonSoftwareFoundation.Python.3.11_3.11.1776.0_x64__qbz5n2kfra8p0\Lib\subprocess.py:1026[0m, in [0;36mPopen.__init__[1;34m(self, args, bufsize, executable, stdin, stdout, stderr, preexec_fn, close_fds, shell, cwd, env, universal_newlines, startupinfo, creationflags, restore_signals, start_new_session, pass_fds, user, group, extra_groups, encoding, errors, text, umask, pipesize, process_group)[0m
[0;32m   1022[0m         [38;5;28;01mif[39;00m [38;5;28mself[39m[38;5;241m.[39mtext_mode:
[0;32m   1023[0m             [38;5;28mself[39m[38;5;241m.[39mstderr [38;5;241m=[39m io[38;5;241m.[39mTextIOWrapper([38;5;28mself[39m[38;5;241m.[39mstderr,
[0;32m   1024[0m                     encoding[38;5;241m=[39mencoding, errors[38;5;241m=[39merrors)
[1;32m-> 1026[0m     [38;5;28;43mself[39;49m[38;5;241;43m.[39;49m[43m_execute_child[49m[43m([49m[43margs[49m[43m,[49m[43m [49m[43mexecutable[49m[43m,[49m[43m [49m[43mpreexec_fn[49m[43m,[49m[43m [49m[43mclose_fds[49m[43m,[49m
[0;32m   1027[0m [43m                        [49m[43mpass_fds[49m[43m,[49m[43m [49m[43mcwd[49m[43m,[49m[43m [49m[43menv[49m[43m,[49m
[0;32m   1028[0m [43m                        [49m[43mstartupinfo[49m[43m,[49m[43m [49m[43mcreationflags[49m[43m,[49m[43m [49m[43mshell[49m[43m,[49m
[0;32m   1029[0m [43m                        [49m[43mp2cread[49m[43m,[49m[43m [49m[43mp2cwrite[49m[43m,[49m
[0;32m   1030[0m [43m                        [49m[43mc2pread[49m[43m,[49m[43m [49m[43mc2pwrite[49m[43m,[49m
[0;32m   1031[0m [43m                        [49m[43merrread[49m[43m,[49m[43m [49m[43merrwrite[49m[43m,[49m
[0;32m   1032[0m [43m                        [49m[43mrestore_signals[49m[43m,[49m
[0;32m   1033[0m [43m                        [49m[43mgid[49m[43m,[49m[43m [49m[43mgids[49m[43m,[49m[43m [49m[43muid[49m[43m,[49m[43m [49m[43mumask[49m[43m,[49m
[0;32m   1034[0m [43m                        [49m[43mstart_new_session[49m[43m,[49m[43m [49m[43mprocess_group[49m[43m)[49m
[0;32m   1035[0m [38;5;28;01mexcept[39;00m:
[0;32m   1036[0m     [38;5;66;03m# Cleanup if the child failed starting.[39;00m
[0;32m   1037[0m     [38;5;28;01mfor[39;00m f [38;5;129;01min[39;00m [38;5;28mfilter[39m([38;5;28;01mNone[39;00m, ([38;5;28mself[39m[38;5;241m.[39mstdin, [38;5;28mself[39m[38;5;241m.[39mstdout, [38;5;28mself[39m[38;5;241m.[39mstderr)):

File [1;32mC:\Program Files\WindowsApps\PythonSoftwareFoundation.Python.3.11_3.11.1776.0_x64__qbz5n2kfra8p0\Lib\subprocess.py:1538[0m, in [0;36mPopen._execute_child[1;34m(self, args, executable, preexec_fn, close_fds, pass_fds, cwd, env, startupinfo, creationflags, shell, p2cread, p2cwrite, c2pread, c2pwrite, errread, errwrite, unused_restore_signals, unused_gid, unused_gids, unused_uid, unused_umask, unused_start_new_session, unused_process_group)[0m
[0;32m   1536[0m [38;5;66;03m# Start the process[39;00m
[0;32m   1537[0m [38;5;28;01mtry[39;00m:
[1;32m-> 1538[0m     hp, ht, pid, tid [38;5;241m=[39m [43m_winapi[49m[38;5;241;43m.[39;49m[43mCreateProcess[49m[43m([49m[43mexecutable[49m[43m,[49m[43m [49m[43margs[49m[43m,[49m
[0;32m   1539[0m [43m                             [49m[38;5;66;43;03m# no special security[39;49;00m
[0;32m   1540[0m [43m                             [49m[38;5;28;43;01mNone[39;49;00m[43m,[49m[43m [49m[38;5;28;43;01mNone[39;49;00m[43m,[49m
[0;32m   1541[0m [43m                             [49m[38;5;28;43mint[39;49m[43m([49m[38;5;129;43;01mnot[39;49;00m[43m [49m[43mclose_fds[49m[43m)[49m[43m,[49m
[0;32m   1542[0m [43m                             [49m[43mcreationflags[49m[43m,[49m
[0;32m   1543[0m [43m                             [49m[43menv[49m[43m,[49m
[0;32m   1544[0m [43m                             [49m[43mcwd[49m[43m,[49m
[0;32m   1545[0m [43m                             [49m[43mstartupinfo[49m[43m)[49m
[0;32m   1546[0m [38;5;28;01mfinally[39;00m:
[0;32m   1547[0m     [38;5;66;03m# Child is launched. Close the parent's copy of those pipe[39;00m
[0;32m   1548[0m     [38;5;66;03m# handles that only the child should have open.  You need[39;00m
[1;32m   (...)[0m
[0;32m   1551[0m     [38;5;66;03m# pipe will not close when the child process exits and the[39;00m
[0;32m   1552[0m     [38;5;66;03m# ReadFile will hang.[39;00m
[0;32m   1553[0m     [38;5;28mself[39m[38;5;241m.[39m_close_pipe_fds(p2cread, p2cwrite,
[0;32m   1554[0m                          c2pread, c2pwrite,
[0;32m   1555[0m                          errread, errwrite)

[1;31mFileNotFoundError[0m: [WinError 2] The system cannot find the file specified

