Traceback (most recent call last):
  File "C:\Users\Jon\AppData\Local\Packages\PythonSoftwareFoundation.Python.3.11_qbz5n2kfra8p0\LocalCache\local-packages\Python311\site-packages\jupyter_cache\executors\utils.py", line 58, in single_nb_execution
    executenb(
  File "C:\Users\Jon\AppData\Local\Packages\PythonSoftwareFoundation.Python.3.11_qbz5n2kfra8p0\LocalCache\local-packages\Python311\site-packages\nbclient\client.py", line 1305, in execute
    return NotebookClient(nb=nb, resources=resources, km=km, **kwargs).execute()
           ^^^^^^^^^^^^^^^^^^^^^^^^^^^^^^^^^^^^^^^^^^^^^^^^^^^^^^^^^^^^^^^^^^^^^
  File "C:\Users\Jon\AppData\Local\Packages\PythonSoftwareFoundation.Python.3.11_qbz5n2kfra8p0\LocalCache\local-packages\Python311\site-packages\jupyter_core\utils\__init__.py", line 166, in wrapped
    return loop.run_until_complete(inner)
           ^^^^^^^^^^^^^^^^^^^^^^^^^^^^^^
  File "C:\Program Files\WindowsApps\PythonSoftwareFoundation.Python.3.11_3.11.1776.0_x64__qbz5n2kfra8p0\Lib\asyncio\base_events.py", line 653, in run_until_complete
    return future.result()
           ^^^^^^^^^^^^^^^
  File "C:\Users\Jon\AppData\Local\Packages\PythonSoftwareFoundation.Python.3.11_qbz5n2kfra8p0\LocalCache\local-packages\Python311\site-packages\nbclient\client.py", line 705, in async_execute
    await self.async_execute_cell(
  File "C:\Users\Jon\AppData\Local\Packages\PythonSoftwareFoundation.Python.3.11_qbz5n2kfra8p0\LocalCache\local-packages\Python311\site-packages\nbclient\client.py", line 1058, in async_execute_cell
    await self._check_raise_for_error(cell, cell_index, exec_reply)
  File "C:\Users\Jon\AppData\Local\Packages\PythonSoftwareFoundation.Python.3.11_qbz5n2kfra8p0\LocalCache\local-packages\Python311\site-packages\nbclient\client.py", line 914, in _check_raise_for_error
    raise CellExecutionError.from_cell_and_msg(cell, exec_reply_content)
nbclient.exceptions.CellExecutionError: An error occurred while executing the following cell:
------------------
import numpy as np
import matplotlib.pyplot as plt
import subprocess 
plt.rcParams['text.usetex'] = True  # allows use of LaTeX in labels


def vector_latex(v):
    string = "\\begin{pmatrix} "
    for i in range(len(v) - 1):
        string += f"{v[i]:0.6} \\\ "
    string += f"{v[-1]:0.6} \\end{{pmatrix}} "
    return string

def euler_latex(string, f, tspan, y0, h): 

    # Initialise t and y variables
    t = tspan[0]
    y = y0

    # Initialise output arrays
    tout = np.array(t)
    yout = np.array(y0)

    # Loop through steps
    string += "$$ \\begin{align*} \n"
    string += f"    \\mathbf{{y}}_0 &= " + vector_latex(y) + ", \\\ \n"

    n = 0
    while t < tspan[1]:

        # Ensure t does not exceed tspan[1]
        h = min(h, tspan[1] - t)

        string += f"    \\mathbf{{y}}_{n+1} &= \\mathbf{{y}}_{n} + h \\mathbf{{f}}(t_{n}, \\mathbf{{y}}_{n}) \n"
        string += f" = " + vector_latex(y) + " + {h} " + vector_latex(f(t,y))

        # Calculate Euler method
        y += h * f(t, y)
        t += h

        # Append current solution to output arrays
        tout = np.append(tout, t)
        yout = np.vstack((yout, y))

        string += f" = " + vector_latex(y) + ", \\\ \n"
        n += 1
    
    string += "\\end{align*} $$\n"
        
    return tout, yout, string


def f(t, y):
    return np.array([y[1], 2.0 * t])


# Define BVP parameters
tspan = 0.0, 2.0  # boundaries of the t domain
bvals = 1.0, 3.0  # boundary values
h = 0.4       # step length

# Invoke Euler method
string = "Using a step length of $h = 0.2$ the $t$ values are\n\n"
string += "$$ \\begin{align*} \\mathbf{t} = " + vector_latex(np.arange(0, tspan[1] + h, h)) + "\\end{align*} $$\n\n"

string += "Solving using the Euler method and $y'(0) = 1$. \n\n"
t, y, string = euler_latex(string, f, tspan, [bvals[0], 1.0], h)

string += "Solving using $y'(0) = -1$. \n\n"
t, y, string = euler_latex(string, f, tspan, [bvals[0], -1.0], h)

print(string)
subprocess.run("pbcopy", text=True, input=string)
------------------

----- stdout -----
Using a step length of $h = 0.2$ the $t$ values are

$$ \begin{align*} \mathbf{t} = \begin{pmatrix} 0.0 \\ 0.4 \\ 0.8 \\ 1.2 \\ 1.6 \\ 2.0 \end{pmatrix} \end{align*} $$

Solving using the Euler method and $y'(0) = 1$. 

$$ \begin{align*} 
    \mathbf{y}_0 &= \begin{pmatrix} 1.0 \\ 1.0 \end{pmatrix} , \\ 
    \mathbf{y}_1 &= \mathbf{y}_0 + h \mathbf{f}(t_0, \mathbf{y}_0) 
 = \begin{pmatrix} 1.0 \\ 1.0 \end{pmatrix}  + {h} \begin{pmatrix} 1.0 \\ 0.0 \end{pmatrix}  = \begin{pmatrix} 1.4 \\ 1.0 \end{pmatrix} , \\ 
    \mathbf{y}_2 &= \mathbf{y}_1 + h \mathbf{f}(t_1, \mathbf{y}_1) 
 = \begin{pmatrix} 1.4 \\ 1.0 \end{pmatrix}  + {h} \begin{pmatrix} 1.0 \\ 0.8 \end{pmatrix}  = \begin{pmatrix} 1.8 \\ 1.32 \end{pmatrix} , \\ 
    \mathbf{y}_3 &= \mathbf{y}_2 + h \mathbf{f}(t_2, \mathbf{y}_2) 
 = \begin{pmatrix} 1.8 \\ 1.32 \end{pmatrix}  + {h} \begin{pmatrix} 1.32 \\ 1.6 \end{pmatrix}  = \begin{pmatrix} 2.328 \\ 1.96 \end{pmatrix} , \\ 
    \mathbf{y}_4 &= \mathbf{y}_3 + h \mathbf{f}(t_3, \mathbf{y}_3) 
 = \begin{pmatrix} 2.328 \\ 1.96 \end{pmatrix}  + {h} \begin{pmatrix} 1.96 \\ 2.4 \end{pmatrix}  = \begin{pmatrix} 3.112 \\ 2.92 \end{pmatrix} , \\ 
    \mathbf{y}_5 &= \mathbf{y}_4 + h \mathbf{f}(t_4, \mathbf{y}_4) 
 = \begin{pmatrix} 3.112 \\ 2.92 \end{pmatrix}  + {h} \begin{pmatrix} 2.92 \\ 3.2 \end{pmatrix}  = \begin{pmatrix} 4.28 \\ 4.2 \end{pmatrix} , \\ 
\end{align*} $$
Solving using $y'(0) = -1$. 

$$ \begin{align*} 
    \mathbf{y}_0 &= \begin{pmatrix} 1.0 \\ -1.0 \end{pmatrix} , \\ 
    \mathbf{y}_1 &= \mathbf{y}_0 + h \mathbf{f}(t_0, \mathbf{y}_0) 
 = \begin{pmatrix} 1.0 \\ -1.0 \end{pmatrix}  + {h} \begin{pmatrix} -1.0 \\ 0.0 \end{pmatrix}  = \begin{pmatrix} 0.6 \\ -1.0 \end{pmatrix} , \\ 
    \mathbf{y}_2 &= \mathbf{y}_1 + h \mathbf{f}(t_1, \mathbf{y}_1) 
 = \begin{pmatrix} 0.6 \\ -1.0 \end{pmatrix}  + {h} \begin{pmatrix} -1.0 \\ 0.8 \end{pmatrix}  = \begin{pmatrix} 0.2 \\ -0.68 \end{pmatrix} , \\ 
    \mathbf{y}_3 &= \mathbf{y}_2 + h \mathbf{f}(t_2, \mathbf{y}_2) 
 = \begin{pmatrix} 0.2 \\ -0.68 \end{pmatrix}  + {h} \begin{pmatrix} -0.68 \\ 1.6 \end{pmatrix}  = \begin{pmatrix} -0.072 \\ -0.04 \end{pmatrix} , \\ 
    \mathbf{y}_4 &= \mathbf{y}_3 + h \mathbf{f}(t_3, \mathbf{y}_3) 
 = \begin{pmatrix} -0.072 \\ -0.04 \end{pmatrix}  + {h} \begin{pmatrix} -0.04 \\ 2.4 \end{pmatrix}  = \begin{pmatrix} -0.088 \\ 0.92 \end{pmatrix} , \\ 
    \mathbf{y}_5 &= \mathbf{y}_4 + h \mathbf{f}(t_4, \mathbf{y}_4) 
 = \begin{pmatrix} -0.088 \\ 0.92 \end{pmatrix}  + {h} \begin{pmatrix} 0.92 \\ 3.2 \end{pmatrix}  = \begin{pmatrix} 0.28 \\ 2.2 \end{pmatrix} , \\ 
\end{align*} $$
------------------

[1;31m---------------------------------------------------------------------------[0m
[1;31mFileNotFoundError[0m                         Traceback (most recent call last)
Cell [1;32mIn[1], line 73[0m
[0;32m     70[0m t, y, string [38;5;241m=[39m euler_latex(string, f, tspan, [bvals[[38;5;241m0[39m], [38;5;241m-[39m[38;5;241m1.0[39m], h)
[0;32m     72[0m [38;5;28mprint[39m(string)
[1;32m---> 73[0m [43msubprocess[49m[38;5;241;43m.[39;49m[43mrun[49m[43m([49m[38;5;124;43m"[39;49m[38;5;124;43mpbcopy[39;49m[38;5;124;43m"[39;49m[43m,[49m[43m [49m[43mtext[49m[38;5;241;43m=[39;49m[38;5;28;43;01mTrue[39;49;00m[43m,[49m[43m [49m[38;5;28;43minput[39;49m[38;5;241;43m=[39;49m[43mstring[49m[43m)[49m

File [1;32mC:\Program Files\WindowsApps\PythonSoftwareFoundation.Python.3.11_3.11.1776.0_x64__qbz5n2kfra8p0\Lib\subprocess.py:548[0m, in [0;36mrun[1;34m(input, capture_output, timeout, check, *popenargs, **kwargs)[0m
[0;32m    545[0m     kwargs[[38;5;124m'[39m[38;5;124mstdout[39m[38;5;124m'[39m] [38;5;241m=[39m PIPE
[0;32m    546[0m     kwargs[[38;5;124m'[39m[38;5;124mstderr[39m[38;5;124m'[39m] [38;5;241m=[39m PIPE
[1;32m--> 548[0m [38;5;28;01mwith[39;00m [43mPopen[49m[43m([49m[38;5;241;43m*[39;49m[43mpopenargs[49m[43m,[49m[43m [49m[38;5;241;43m*[39;49m[38;5;241;43m*[39;49m[43mkwargs[49m[43m)[49m [38;5;28;01mas[39;00m process:
[0;32m    549[0m     [38;5;28;01mtry[39;00m:
[0;32m    550[0m         stdout, stderr [38;5;241m=[39m process[38;5;241m.[39mcommunicate([38;5;28minput[39m, timeout[38;5;241m=[39mtimeout)

File [1;32mC:\Program Files\WindowsApps\PythonSoftwareFoundation.Python.3.11_3.11.1776.0_x64__qbz5n2kfra8p0\Lib\subprocess.py:1026[0m, in [0;36mPopen.__init__[1;34m(self, args, bufsize, executable, stdin, stdout, stderr, preexec_fn, close_fds, shell, cwd, env, universal_newlines, startupinfo, creationflags, restore_signals, start_new_session, pass_fds, user, group, extra_groups, encoding, errors, text, umask, pipesize, process_group)[0m
[0;32m   1022[0m         [38;5;28;01mif[39;00m [38;5;28mself[39m[38;5;241m.[39mtext_mode:
[0;32m   1023[0m             [38;5;28mself[39m[38;5;241m.[39mstderr [38;5;241m=[39m io[38;5;241m.[39mTextIOWrapper([38;5;28mself[39m[38;5;241m.[39mstderr,
[0;32m   1024[0m                     encoding[38;5;241m=[39mencoding, errors[38;5;241m=[39merrors)
[1;32m-> 1026[0m     [38;5;28;43mself[39;49m[38;5;241;43m.[39;49m[43m_execute_child[49m[43m([49m[43margs[49m[43m,[49m[43m [49m[43mexecutable[49m[43m,[49m[43m [49m[43mpreexec_fn[49m[43m,[49m[43m [49m[43mclose_fds[49m[43m,[49m
[0;32m   1027[0m [43m                        [49m[43mpass_fds[49m[43m,[49m[43m [49m[43mcwd[49m[43m,[49m[43m [49m[43menv[49m[43m,[49m
[0;32m   1028[0m [43m                        [49m[43mstartupinfo[49m[43m,[49m[43m [49m[43mcreationflags[49m[43m,[49m[43m [49m[43mshell[49m[43m,[49m
[0;32m   1029[0m [43m                        [49m[43mp2cread[49m[43m,[49m[43m [49m[43mp2cwrite[49m[43m,[49m
[0;32m   1030[0m [43m                        [49m[43mc2pread[49m[43m,[49m[43m [49m[43mc2pwrite[49m[43m,[49m
[0;32m   1031[0m [43m                        [49m[43merrread[49m[43m,[49m[43m [49m[43merrwrite[49m[43m,[49m
[0;32m   1032[0m [43m                        [49m[43mrestore_signals[49m[43m,[49m
[0;32m   1033[0m [43m                        [49m[43mgid[49m[43m,[49m[43m [49m[43mgids[49m[43m,[49m[43m [49m[43muid[49m[43m,[49m[43m [49m[43mumask[49m[43m,[49m
[0;32m   1034[0m [43m                        [49m[43mstart_new_session[49m[43m,[49m[43m [49m[43mprocess_group[49m[43m)[49m
[0;32m   1035[0m [38;5;28;01mexcept[39;00m:
[0;32m   1036[0m     [38;5;66;03m# Cleanup if the child failed starting.[39;00m
[0;32m   1037[0m     [38;5;28;01mfor[39;00m f [38;5;129;01min[39;00m [38;5;28mfilter[39m([38;5;28;01mNone[39;00m, ([38;5;28mself[39m[38;5;241m.[39mstdin, [38;5;28mself[39m[38;5;241m.[39mstdout, [38;5;28mself[39m[38;5;241m.[39mstderr)):

File [1;32mC:\Program Files\WindowsApps\PythonSoftwareFoundation.Python.3.11_3.11.1776.0_x64__qbz5n2kfra8p0\Lib\subprocess.py:1538[0m, in [0;36mPopen._execute_child[1;34m(self, args, executable, preexec_fn, close_fds, pass_fds, cwd, env, startupinfo, creationflags, shell, p2cread, p2cwrite, c2pread, c2pwrite, errread, errwrite, unused_restore_signals, unused_gid, unused_gids, unused_uid, unused_umask, unused_start_new_session, unused_process_group)[0m
[0;32m   1536[0m [38;5;66;03m# Start the process[39;00m
[0;32m   1537[0m [38;5;28;01mtry[39;00m:
[1;32m-> 1538[0m     hp, ht, pid, tid [38;5;241m=[39m [43m_winapi[49m[38;5;241;43m.[39;49m[43mCreateProcess[49m[43m([49m[43mexecutable[49m[43m,[49m[43m [49m[43margs[49m[43m,[49m
[0;32m   1539[0m [43m                             [49m[38;5;66;43;03m# no special security[39;49;00m
[0;32m   1540[0m [43m                             [49m[38;5;28;43;01mNone[39;49;00m[43m,[49m[43m [49m[38;5;28;43;01mNone[39;49;00m[43m,[49m
[0;32m   1541[0m [43m                             [49m[38;5;28;43mint[39;49m[43m([49m[38;5;129;43;01mnot[39;49;00m[43m [49m[43mclose_fds[49m[43m)[49m[43m,[49m
[0;32m   1542[0m [43m                             [49m[43mcreationflags[49m[43m,[49m
[0;32m   1543[0m [43m                             [49m[43menv[49m[43m,[49m
[0;32m   1544[0m [43m                             [49m[43mcwd[49m[43m,[49m
[0;32m   1545[0m [43m                             [49m[43mstartupinfo[49m[43m)[49m
[0;32m   1546[0m [38;5;28;01mfinally[39;00m:
[0;32m   1547[0m     [38;5;66;03m# Child is launched. Close the parent's copy of those pipe[39;00m
[0;32m   1548[0m     [38;5;66;03m# handles that only the child should have open.  You need[39;00m
[1;32m   (...)[0m
[0;32m   1551[0m     [38;5;66;03m# pipe will not close when the child process exits and the[39;00m
[0;32m   1552[0m     [38;5;66;03m# ReadFile will hang.[39;00m
[0;32m   1553[0m     [38;5;28mself[39m[38;5;241m.[39m_close_pipe_fds(p2cread, p2cwrite,
[0;32m   1554[0m                          c2pread, c2pwrite,
[0;32m   1555[0m                          errread, errwrite)

[1;31mFileNotFoundError[0m: [WinError 2] The system cannot find the file specified

