Traceback (most recent call last):
  File "C:\Users\jonsh\AppData\Local\Packages\PythonSoftwareFoundation.Python.3.9_qbz5n2kfra8p0\LocalCache\local-packages\Python39\site-packages\jupyter_cache\executors\utils.py", line 51, in single_nb_execution
    executenb(
  File "C:\Users\jonsh\AppData\Local\Packages\PythonSoftwareFoundation.Python.3.9_qbz5n2kfra8p0\LocalCache\local-packages\Python39\site-packages\nbclient\client.py", line 1204, in execute
    return NotebookClient(nb=nb, resources=resources, km=km, **kwargs).execute()
  File "C:\Users\jonsh\AppData\Local\Packages\PythonSoftwareFoundation.Python.3.9_qbz5n2kfra8p0\LocalCache\local-packages\Python39\site-packages\nbclient\util.py", line 84, in wrapped
    return just_run(coro(*args, **kwargs))
  File "C:\Users\jonsh\AppData\Local\Packages\PythonSoftwareFoundation.Python.3.9_qbz5n2kfra8p0\LocalCache\local-packages\Python39\site-packages\nbclient\util.py", line 62, in just_run
    return loop.run_until_complete(coro)
  File "C:\Program Files\WindowsApps\PythonSoftwareFoundation.Python.3.9_3.9.3568.0_x64__qbz5n2kfra8p0\lib\asyncio\base_events.py", line 647, in run_until_complete
    return future.result()
  File "C:\Users\jonsh\AppData\Local\Packages\PythonSoftwareFoundation.Python.3.9_qbz5n2kfra8p0\LocalCache\local-packages\Python39\site-packages\nbclient\client.py", line 663, in async_execute
    await self.async_execute_cell(
  File "C:\Users\jonsh\AppData\Local\Packages\PythonSoftwareFoundation.Python.3.9_qbz5n2kfra8p0\LocalCache\local-packages\Python39\site-packages\nbclient\client.py", line 965, in async_execute_cell
    await self._check_raise_for_error(cell, cell_index, exec_reply)
  File "C:\Users\jonsh\AppData\Local\Packages\PythonSoftwareFoundation.Python.3.9_qbz5n2kfra8p0\LocalCache\local-packages\Python39\site-packages\nbclient\client.py", line 862, in _check_raise_for_error
    raise CellExecutionError.from_cell_and_msg(cell, exec_reply_content)
nbclient.exceptions.CellExecutionError: An error occurred while executing the following cell:
------------------
import numpy as np

def gauss_seidel_latex(A, b, tol=1e-6):
    n = len(b)
    x = np.zeros(n)
    maxiter = 100
    ordinal = ["first", "second", "third"]
    print("The Gauss-Seidel method for this system is")
    print()
    print(r"\begin{align*}")
    for i in range(n):
        string = rf"    x_{{{i+1}}}^{{(k+1)}} &= \frac{{1}}{{{A[i,i]}}} \left( {b[i]}"
        for j in range(n):
            if i == j:
                continue
            if A[i,j] == 1:
                string += rf" - x_{{{j+1}}}"
            elif A[i,j] == -1:
                string += rf" + x_{{{j+1}}}"
            elif A[i,j] < 0:
                string += rf" + {-A[i,j]} x_{{{j+1}}}"
            elif A[i,j] > 0:
                string += rf" - {A[i,j]} x_{{{j+1}}}"
            if j < i and A[i,j] != 0:
                string += rf"^{{(k+1)}}"
            elif j > i and A[i,j] != 0:
                string += rf"^{{(k)}}"
        
        if i == n - 1:
            string += r" \right)."
        else:
            string += r" \right), \\"
            
        print(string)
    print(r"\end{align*}")
    print()
    print("Using starting values of $\mathbf{x} = \mathbf{0}$. ", end="")
        
    for k in range(2):
        for i in range(n):
            s = b[i]
            for j in range(n):
                if i != j:
                    s -= A[i,j] * x[j]

            x[i] = s / A[i,i]
            r = b - np.dot(A, x)
        
        print(rf"Calculating the {ordinal[k]} iteration")
        print()
        print(r"\begin{align*}")
        for i in range(n):
            string = rf"    x_{{{i+1}}}^{{({k+1})}} &= \frac{{1}}{{{A[i,i]}}} \left( {b[i]}"
            for j in range(n):
                if i == j:
                    continue
                if A[i,j] == 1:
                    string += rf" - {x[j]}"
                elif A[i,j] == -1:
                    string += rf" + {-x[j]}"
                elif A[i,j] < 0:
                    string += rf" + {-A[i,j]} ({x[j]})"
                elif A[i,j] > 0:
                    string += rf" - {A[i,j]} ({x[j]})"

            if i == n - 1:
                string += rf" \right) = {x[i]}."
            else:
                string += rf" \right) = {x[i]}, \\"

            print(string)
        
        print(r"\end{align*}")
        print()
        print("Calculate the residual")
        print()
        print(r"\begin{align*}")
        print(rf"    \mathbf{{r}}^{{({k+1})}} = \mathbf{{b}} - A \mathbf{{x}}^{{(1)}} = ")
        string = r"    \begin{pmatrix}"
        for i in range(n):
            string += rf" {b[i]}"
            if i < n - 1:
                string += r" \\"
        string += r" \end{pmatrix} -"
        print(string)

        string = r"    \begin{pmatrix}"
        for i in range(n):
            for j in range(n):
                string += rf" {A[i,j]}"
                if j < n - 1:
                    string += r" &"
            if i < n - 1:
                string += r" \\"
        string += r" \end{pmatrix}"
        print(string)

        string = r"    \begin{pmatrix}"
        for i in range(n):
            string += rf" {x[i]}"
            if i < n - 1:
                string += r" \\"
        string += r" \end{pmatrix} ="
        print(string)

        string = r"    \begin{pmatrix}"
        for i in range(n):
            string += rf" {r[i]}"
            if i < n - 1:
                string += r" \\"
        string += r" \end{pmatrix}."
        print(string)
        print(r"\end{align*}")
        print()
        print(rf"Since $\max(| \mathbf{{r}}^{{({k+1})}} |) = {max(abs(r))} > 10^{{-4}}$ we continue iterating. ", end="")
        
# Define linear system
A = np.array([[4, 3, 0], [3, 4, -1], [0, -1, 4]])
b = np.array([-2, -8, 14])

# Solve linear system
gauss_seidel_latex(A, b)
------------------

[1;31m---------------------------------------------------------------------------[0m
[1;31mModuleNotFoundError[0m                       Traceback (most recent call last)
Cell [1;32mIn [1], line 1[0m
[1;32m----> 1[0m [38;5;28;01mimport[39;00m [38;5;21;01mnumpy[39;00m [38;5;28;01mas[39;00m [38;5;21;01mnp[39;00m
[0;32m      3[0m [38;5;28;01mdef[39;00m [38;5;21mgauss_seidel_latex[39m(A, b, tol[38;5;241m=[39m[38;5;241m1e-6[39m):
[0;32m      4[0m     n [38;5;241m=[39m [38;5;28mlen[39m(b)

[1;31mModuleNotFoundError[0m: No module named 'numpy'
ModuleNotFoundError: No module named 'numpy'

