Traceback (most recent call last):
  File "/Users/55093290/opt/anaconda3/lib/python3.9/site-packages/jupyter_cache/executors/utils.py", line 51, in single_nb_execution
    executenb(
  File "/Users/55093290/opt/anaconda3/lib/python3.9/site-packages/nbclient/client.py", line 1112, in execute
    return NotebookClient(nb=nb, resources=resources, km=km, **kwargs).execute()
  File "/Users/55093290/opt/anaconda3/lib/python3.9/site-packages/nbclient/util.py", line 74, in wrapped
    return just_run(coro(*args, **kwargs))
  File "/Users/55093290/opt/anaconda3/lib/python3.9/site-packages/nbclient/util.py", line 53, in just_run
    return loop.run_until_complete(coro)
  File "/Users/55093290/opt/anaconda3/lib/python3.9/asyncio/base_events.py", line 642, in run_until_complete
    return future.result()
  File "/Users/55093290/opt/anaconda3/lib/python3.9/site-packages/nbclient/client.py", line 553, in async_execute
    await self.async_execute_cell(
  File "/Users/55093290/opt/anaconda3/lib/python3.9/site-packages/nbclient/client.py", line 857, in async_execute_cell
    self._check_raise_for_error(cell, exec_reply)
  File "/Users/55093290/opt/anaconda3/lib/python3.9/site-packages/nbclient/client.py", line 760, in _check_raise_for_error
    raise CellExecutionError.from_cell_and_msg(cell, exec_reply_content)
nbclient.exceptions.CellExecutionError: An error occurred while executing the following cell:
------------------
import piplite

# Define BVP parameters
tspan = [0, 1]  # boundaries of the t domain
bvals = [0, 2]  # boundary values
h = 0.2         # step length
s = [1, 2, 1.5]

# Calculate the solution to the IVP for the different guess values
ysols = []
for i in range(3):
    t, y = euler(f, tspan, [bvals[0], s[i]], h)
    ysols.append(y)
------------------

[0;31m---------------------------------------------------------------------------[0m
[0;31mModuleNotFoundError[0m                       Traceback (most recent call last)
[0;32m/var/folders/rn/rs75_yx15gz4747nxd6xzq212q34wn/T/ipykernel_76880/1124722162.py[0m in [0;36m<module>[0;34m[0m
[0;32m----> 1[0;31m [0;32mimport[0m [0mpiplite[0m[0;34m[0m[0;34m[0m[0m
[0m[1;32m      2[0m [0;34m[0m[0m
[1;32m      3[0m [0;31m# Define BVP parameters[0m[0;34m[0m[0;34m[0m[0m
[1;32m      4[0m [0mtspan[0m [0;34m=[0m [0;34m[[0m[0;36m0[0m[0;34m,[0m [0;36m1[0m[0;34m][0m  [0;31m# boundaries of the t domain[0m[0;34m[0m[0;34m[0m[0m
[1;32m      5[0m [0mbvals[0m [0;34m=[0m [0;34m[[0m[0;36m0[0m[0;34m,[0m [0;36m2[0m[0;34m][0m  [0;31m# boundary values[0m[0;34m[0m[0;34m[0m[0m

[0;31mModuleNotFoundError[0m: No module named 'piplite'
ModuleNotFoundError: No module named 'piplite'

